TUIKit/TUICore/tuicore/build/intermediates/manifest_merge_blame_file/debug/manifest-merger-blame-debug-report.txt
1<?xml version="1.0" encoding="utf-8"?>
2<manifest xmlns:android="http://schemas.android.com/apk/res/android"
3    package="com.tencent.qcloud.tuicore"
4    android:versionCode="194"
5    android:versionName="1.2.4" >
6
7    <uses-sdk
8        android:minSdkVersion="24"
8-->src\main\AndroidManifest.xml
9        android:targetSdkVersion="34" />
9-->src\main\AndroidManifest.xml
10
11    <application>
11-->src\main\AndroidManifest.xml:6:5-31:19
12        <activity
12-->src\main\AndroidManifest.xml:7:9-13:75
13            android:name="com.tencent.qcloud.tuicore.permission.PermissionActivity"
13-->src\main\AndroidManifest.xml:8:13-84
14            android:configChanges="orientation|keyboardHidden|screenSize"
14-->src\main\AndroidManifest.xml:9:13-74
15            android:exported="true"
15-->src\main\AndroidManifest.xml:11:13-36
16            android:launchMode="singleTask"
16-->src\main\AndroidManifest.xml:10:13-44
17            android:theme="@style/CoreActivityTranslucent"
17-->src\main\AndroidManifest.xml:12:13-59
18            android:windowSoftInputMode="stateHidden|stateAlwaysHidden" />
18-->src\main\AndroidManifest.xml:13:13-72
19        <activity
19-->src\main\AndroidManifest.xml:15:9-22:75
20            android:name="com.tencent.qcloud.tuicore.util.PermissionRequester$PermissionActivity"
20-->src\main\AndroidManifest.xml:16:13-98
21            android:configChanges="orientation|keyboardHidden|screenSize"
21-->src\main\AndroidManifest.xml:17:13-74
22            android:exported="true"
22-->src\main\AndroidManifest.xml:20:13-36
23            android:launchMode="singleTask"
23-->src\main\AndroidManifest.xml:19:13-44
24            android:multiprocess="true"
24-->src\main\AndroidManifest.xml:18:13-40
25            android:theme="@style/CoreActivityTranslucent"
25-->src\main\AndroidManifest.xml:21:13-59
26            android:windowSoftInputMode="stateHidden|stateAlwaysHidden" />
26-->src\main\AndroidManifest.xml:22:13-72
27
28        <provider
28-->src\main\AndroidManifest.xml:24:9-29:38
29            android:name="com.tencent.qcloud.tuicore.ServiceInitializer"
29-->src\main\AndroidManifest.xml:25:13-73
30            android:authorities="${applicationId}.TUICore.Init"
30-->src\main\AndroidManifest.xml:26:13-64
31            android:enabled="true"
31-->src\main\AndroidManifest.xml:28:13-35
32            android:exported="true"
32-->src\main\AndroidManifest.xml:29:13-36
33            android:initOrder="99999" />
33-->src\main\AndroidManifest.xml:27:13-38
34    </application>
35
36</manifest>